2019-03-07 12:30:48 [main] INFO  c.s.k.ReminderServiceApplication -
				Starting ReminderServiceApplication on PC428552 with PID 25476 (C:\Users\746983\Downloads\keepnote-step7-ui-api-integration-master\KeepNote-Step7-API\ReminderService\target\classes started by 746983 in C:\Users\746983\Downloads\keepnote-step7-ui-api-integration-master\KeepNote-Step7-API\ReminderService)
2019-03-07 12:30:48 [main] DEBUG c.s.k.ReminderServiceApplication -
				Running with Spring Boot v2.0.2.RELEASE, Spring v5.0.6.RELEASE
2019-03-07 12:30:48 [main] INFO  c.s.k.ReminderServiceApplication -
				No active profile set, falling back to default profiles: default
2019-03-07 12:30:48 [main] INFO  o.s.b.w.s.c.AnnotationConfigServletWebServerApplicationContext -
				Refreshing org.springframework.boot.web.servlet.context.AnnotationConfigServletWebServerApplicationContext@3590fc5b: startup date [Thu Mar 07 12:30:48 IST 2019]; root of context hierarchy
2019-03-07 12:30:49 [main] INFO  o.s.b.w.e.tomcat.TomcatWebServer -
				Tomcat initialized with port(s): 8085 (http)
2019-03-07 12:30:49 [main] INFO  o.a.coyote.http11.Http11NioProtocol -
				Initializing ProtocolHandler ["http-nio-8085"]
2019-03-07 12:30:49 [main] INFO  o.a.catalina.core.StandardService -
				Starting service [Tomcat]
2019-03-07 12:30:49 [main] INFO  o.a.catalina.core.StandardEngine -
				Starting Servlet Engine: Apache Tomcat/8.5.31
2019-03-07 12:30:49 [localhost-startStop-1] INFO  o.a.c.core.AprLifecycleListener -
				The APR based Apache Tomcat Native library which allows optimal performance in production environments was not found on the java.library.path: [C:\Program Files\Java\jre1.8.0_141\bin;C:\WINDOWS\Sun\Java\bin;C:\WINDOWS\system32;C:\WINDOWS;C:/Program Files/Java/jre1.8.0_141/bin/server;C:/Program Files/Java/jre1.8.0_141/bin;C:/Program Files/Java/jre1.8.0_141/lib/amd64;C:\ProgramData\DockerDesktop\version-bin;C:\Program Files\Docker\Docker\Resources\bin;C:\ProgramData\Oracle\Java\javapath;C:\WINDOWS\system32;C:\WINDOWS;C:\WINDOWS\System32\Wbem;C:\WINDOWS\System32\WindowsPowerShell\v1.0\;C:\Program Files (x86)\MySQL\MySQL Fabric 1.5.4 & MySQL Utilities 1.5.4 1.5\;C:\Program Files (x86)\MySQL\MySQL Fabric 1.5.4 & MySQL Utilities 1.5.4 1.5\Doctrine extensions for PHP\;C:\Program Files\nodejs\;C:\Program Files\Git\cmd;C:\Python27;C:\Users\746983\AppData\Local\Microsoft\WindowsApps;C:\Users\746983\AppData\Local\Programs\Microsoft VS Code\bin;C:\Users\746983\AppData\Roaming\npm;"C:\Python27;C:\Python27\Scripts\";C:\Python27;C:\Program Files\MongoDB\Server\4.0\bin;;D:\sts-bundle\sts-3.9.6.RELEASE;;.]
2019-03-07 12:30:49 [localhost-startStop-1] INFO  o.a.c.c.C.[Tomcat].[localhost].[/] -
				Initializing Spring embedded WebApplicationContext
2019-03-07 12:30:49 [localhost-startStop-1] INFO  o.s.web.context.ContextLoader -
				Root WebApplicationContext: initialization completed in 1519 ms
2019-03-07 12:30:49 [localhost-startStop-1] INFO  o.s.b.w.s.FilterRegistrationBean -
				Mapping filter: 'characterEncodingFilter' to: [/*]
2019-03-07 12:30:49 [localhost-startStop-1] INFO  o.s.b.w.s.FilterRegistrationBean -
				Mapping filter: 'hiddenHttpMethodFilter' to: [/*]
2019-03-07 12:30:49 [localhost-startStop-1] INFO  o.s.b.w.s.FilterRegistrationBean -
				Mapping filter: 'httpPutFormContentFilter' to: [/*]
2019-03-07 12:30:49 [localhost-startStop-1] INFO  o.s.b.w.s.FilterRegistrationBean -
				Mapping filter: 'requestContextFilter' to: [/*]
2019-03-07 12:30:49 [localhost-startStop-1] INFO  o.s.b.w.s.FilterRegistrationBean -
				Mapping filter: 'jwtFilter' to urls: [/api/v1/*]
2019-03-07 12:30:49 [localhost-startStop-1] INFO  o.s.b.w.s.ServletRegistrationBean -
				Servlet dispatcherServlet mapped to [/]
2019-03-07 12:30:50 [localhost-startStop-1] DEBUG c.s.keepnote.jwtfilter.JwtFilter -
				Initializing filter 'jwtFilter'
2019-03-07 12:30:50 [localhost-startStop-1] DEBUG c.s.keepnote.jwtfilter.JwtFilter -
				Filter 'jwtFilter' configured successfully
2019-03-07 12:30:50 [main] INFO  org.mongodb.driver.cluster -
				Cluster created with settings {hosts=[localhost:27017], mode=MULTIPLE, requiredClusterType=UNKNOWN, serverSelectionTimeout='30000 ms', maxWaitQueueSize=500}
2019-03-07 12:30:50 [main] INFO  org.mongodb.driver.cluster -
				Adding discovered server localhost:27017 to client view of cluster
2019-03-07 12:30:50 [cluster-ClusterId{value='5c80c1a23a394263847a9f48', description='null'}-localhost:27017] INFO  org.mongodb.driver.connection -
				Opened connection [connectionId{localValue:1, serverValue:96}] to localhost:27017
2019-03-07 12:30:50 [cluster-ClusterId{value='5c80c1a23a394263847a9f48', description='null'}-localhost:27017] INFO  org.mongodb.driver.cluster -
				Monitor thread successfully connected to server with description ServerDescription{address=localhost:27017, type=STANDALONE, state=CONNECTED, ok=true, version=ServerVersion{versionList=[4, 0, 6]}, minWireVersion=0, maxWireVersion=7, maxDocumentSize=16777216, logicalSessionTimeoutMinutes=30, roundTripTimeNanos=2240902}
2019-03-07 12:30:50 [cluster-ClusterId{value='5c80c1a23a394263847a9f48', description='null'}-localhost:27017] INFO  org.mongodb.driver.cluster -
				Discovered cluster type of STANDALONE
2019-03-07 12:30:51 [main] INFO  o.s.w.s.m.m.a.RequestMappingHandlerMapping -
				Mapped "{[/reminder-service/api/v1/reminder/{userId}/{id}],methods=[DELETE]}" onto public org.springframework.http.ResponseEntity<?> com.stackroute.keepnote.controller.ReminderController.deleteReminder(java.lang.String,java.lang.String)
2019-03-07 12:30:51 [main] INFO  o.s.w.s.m.m.a.RequestMappingHandlerMapping -
				Mapped "{[/reminder-service/api/v1/reminder],methods=[GET]}" onto public java.lang.String com.stackroute.keepnote.controller.ReminderController.swaggerUi()
2019-03-07 12:30:51 [main] INFO  o.s.w.s.m.m.a.RequestMappingHandlerMapping -
				Mapped "{[/reminder-service/api/v1/reminder],methods=[POST]}" onto public org.springframework.http.ResponseEntity<?> com.stackroute.keepnote.controller.ReminderController.createReminder(com.stackroute.keepnote.model.Reminder)
2019-03-07 12:30:51 [main] INFO  o.s.w.s.m.m.a.RequestMappingHandlerMapping -
				Mapped "{[/reminder-service/api/v1/reminder/{userId}/{id}],methods=[PUT]}" onto public org.springframework.http.ResponseEntity<?> com.stackroute.keepnote.controller.ReminderController.updateReminder(com.stackroute.keepnote.model.Reminder,java.lang.String,java.lang.String)
2019-03-07 12:30:51 [main] INFO  o.s.w.s.m.m.a.RequestMappingHandlerMapping -
				Mapped "{[/reminder-service/api/v1/reminder/{userId}/{id}],methods=[GET]}" onto public org.springframework.http.ResponseEntity<?> com.stackroute.keepnote.controller.ReminderController.getReminderById(java.lang.String,java.lang.String)
2019-03-07 12:30:51 [main] INFO  o.s.w.s.m.m.a.RequestMappingHandlerMapping -
				Mapped "{[/reminder-service/api/v1/reminder/{userId}],methods=[GET]}" onto public org.springframework.http.ResponseEntity<?> com.stackroute.keepnote.controller.ReminderController.getAllReminders(java.lang.String)
2019-03-07 12:30:51 [main] INFO  o.s.w.s.m.m.a.RequestMappingHandlerMapping -
				Mapped "{[/swagger-resources/configuration/ui]}" onto public org.springframework.http.ResponseEntity<springfox.documentation.swagger.web.UiConfiguration> springfox.documentation.swagger.web.ApiResourceController.uiConfiguration()
2019-03-07 12:30:51 [main] INFO  o.s.w.s.m.m.a.RequestMappingHandlerMapping -
				Mapped "{[/swagger-resources]}" onto public org.springframework.http.ResponseEntity<java.util.List<springfox.documentation.swagger.web.SwaggerResource>> springfox.documentation.swagger.web.ApiResourceController.swaggerResources()
2019-03-07 12:30:51 [main] INFO  o.s.w.s.m.m.a.RequestMappingHandlerMapping -
				Mapped "{[/swagger-resources/configuration/security]}" onto public org.springframework.http.ResponseEntity<springfox.documentation.swagger.web.SecurityConfiguration> springfox.documentation.swagger.web.ApiResourceController.securityConfiguration()
2019-03-07 12:30:51 [main] INFO  o.s.w.s.m.m.a.RequestMappingHandlerMapping -
				Mapped "{[/error]}" onto public org.springframework.http.ResponseEntity<java.util.Map<java.lang.String, java.lang.Object>> org.springframework.boot.autoconfigure.web.servlet.error.BasicErrorController.error(javax.servlet.http.HttpServletRequest)
2019-03-07 12:30:51 [main] INFO  o.s.w.s.m.m.a.RequestMappingHandlerMapping -
				Mapped "{[/error],produces=[text/html]}" onto public org.springframework.web.servlet.ModelAndView org.springframework.boot.autoconfigure.web.servlet.error.BasicErrorController.errorHtml(javax.servlet.http.HttpServletRequest,javax.servlet.http.HttpServletResponse)
2019-03-07 12:30:51 [main] INFO  s.d.s.w.PropertySourcedRequestMappingHandlerMapping -
				Mapped URL path [/v2/api-docs] onto method [public org.springframework.http.ResponseEntity<springfox.documentation.spring.web.json.Json> springfox.documentation.swagger2.web.Swagger2Controller.getDocumentation(java.lang.String,javax.servlet.http.HttpServletRequest)]
2019-03-07 12:30:51 [main] INFO  o.s.w.s.h.SimpleUrlHandlerMapping -
				Mapped URL path [/**/favicon.ico] onto handler of type [class org.springframework.web.servlet.resource.ResourceHttpRequestHandler]
2019-03-07 12:30:51 [main] INFO  o.s.w.s.m.m.a.RequestMappingHandlerAdapter -
				Looking for @ControllerAdvice: org.springframework.boot.web.servlet.context.AnnotationConfigServletWebServerApplicationContext@3590fc5b: startup date [Thu Mar 07 12:30:48 IST 2019]; root of context hierarchy
2019-03-07 12:30:51 [main] INFO  o.s.w.s.h.SimpleUrlHandlerMapping -
				Mapped URL path [/webjars/**] onto handler of type [class org.springframework.web.servlet.resource.ResourceHttpRequestHandler]
2019-03-07 12:30:51 [main] INFO  o.s.w.s.h.SimpleUrlHandlerMapping -
				Mapped URL path [/**] onto handler of type [class org.springframework.web.servlet.resource.ResourceHttpRequestHandler]
2019-03-07 12:30:51 [main] INFO  o.s.j.e.a.AnnotationMBeanExporter -
				Registering beans for JMX exposure on startup
2019-03-07 12:30:51 [main] INFO  o.s.c.s.DefaultLifecycleProcessor -
				Starting beans in phase 2147483647
2019-03-07 12:30:51 [main] INFO  s.d.s.w.p.DocumentationPluginsBootstrapper -
				Context refreshed
2019-03-07 12:30:51 [main] INFO  s.d.s.w.p.DocumentationPluginsBootstrapper -
				Found 1 custom documentation plugin(s)
2019-03-07 12:30:51 [main] INFO  s.d.s.w.s.ApiListingReferenceScanner -
				Scanning for api listing references
2019-03-07 12:30:51 [main] INFO  o.a.coyote.http11.Http11NioProtocol -
				Starting ProtocolHandler ["http-nio-8085"]
2019-03-07 12:30:51 [main] INFO  o.a.tomcat.util.net.NioSelectorPool -
				Using a shared selector for servlet write/read
2019-03-07 12:30:51 [main] INFO  o.s.b.w.e.tomcat.TomcatWebServer -
				Tomcat started on port(s): 8085 (http) with context path ''
2019-03-07 12:30:51 [main] INFO  c.s.k.ReminderServiceApplication -
				Started ReminderServiceApplication in 3.738 seconds (JVM running for 4.442)
2019-03-07 12:43:09 [http-nio-8085-exec-1] INFO  o.a.c.c.C.[Tomcat].[localhost].[/] -
				Initializing Spring FrameworkServlet 'dispatcherServlet'
2019-03-07 12:43:10 [http-nio-8085-exec-1] INFO  o.s.web.servlet.DispatcherServlet -
				FrameworkServlet 'dispatcherServlet': initialization started
2019-03-07 12:43:12 [http-nio-8085-exec-1] INFO  o.s.web.servlet.DispatcherServlet -
				FrameworkServlet 'dispatcherServlet': initialization completed in 2454 ms
2019-03-07 12:43:18 [http-nio-8085-exec-1] INFO  c.s.keepnote.aspectj.LoggingAspect -
				************Reminder Aspect @Before ************
2019-03-07 12:43:18 [http-nio-8085-exec-1] DEBUG c.s.keepnote.aspectj.LoggingAspect -
				Method Name : getAllReminders
2019-03-07 12:43:18 [http-nio-8085-exec-1] DEBUG c.s.keepnote.aspectj.LoggingAspect -
				Method Args : [null]
2019-03-07 12:43:18 [http-nio-8085-exec-1] INFO  c.s.keepnote.aspectj.LoggingAspect -
				*********************************
2019-03-07 12:43:19 [http-nio-8085-exec-1] INFO  c.s.k.controller.ReminderController -
				getAllReminders : STARTED
2019-03-07 12:43:21 [http-nio-8085-exec-1] INFO  org.mongodb.driver.connection -
				Opened connection [connectionId{localValue:2, serverValue:98}] to localhost:27017
2019-03-07 12:43:22 [http-nio-8085-exec-1] INFO  c.s.keepnote.aspectj.LoggingAspect -
				************Reminder Aspect @After ************
2019-03-07 12:43:22 [http-nio-8085-exec-1] DEBUG c.s.keepnote.aspectj.LoggingAspect -
				Method Name : getAllReminders
2019-03-07 12:43:22 [http-nio-8085-exec-1] DEBUG c.s.keepnote.aspectj.LoggingAspect -
				Method Args : [null]
2019-03-07 12:43:22 [http-nio-8085-exec-1] INFO  c.s.keepnote.aspectj.LoggingAspect -
				*********************************
2019-03-07 12:43:22 [http-nio-8085-exec-1] INFO  c.s.keepnote.aspectj.LoggingAspect -
				************Reminder Aspect @AfterReturning ************
2019-03-07 12:43:22 [http-nio-8085-exec-1] DEBUG c.s.keepnote.aspectj.LoggingAspect -
				Method Name : getAllReminders
2019-03-07 12:43:22 [http-nio-8085-exec-1] DEBUG c.s.keepnote.aspectj.LoggingAspect -
				Method arguments : [null]
2019-03-07 12:43:22 [http-nio-8085-exec-1] DEBUG c.s.keepnote.aspectj.LoggingAspect -
				Return Value: <200 OK,[],{}>
2019-03-07 12:43:22 [http-nio-8085-exec-1] INFO  c.s.keepnote.aspectj.LoggingAspect -
				*****************************************
2019-03-07 12:43:25 [http-nio-8085-exec-2] INFO  c.s.keepnote.aspectj.LoggingAspect -
				************Reminder Aspect @Before ************
2019-03-07 12:43:25 [http-nio-8085-exec-2] DEBUG c.s.keepnote.aspectj.LoggingAspect -
				Method Name : getAllReminders
2019-03-07 12:43:25 [http-nio-8085-exec-2] DEBUG c.s.keepnote.aspectj.LoggingAspect -
				Method Args : [null]
2019-03-07 12:43:25 [http-nio-8085-exec-2] INFO  c.s.keepnote.aspectj.LoggingAspect -
				*********************************
2019-03-07 12:43:25 [http-nio-8085-exec-2] INFO  c.s.k.controller.ReminderController -
				getAllReminders : STARTED
2019-03-07 12:43:25 [http-nio-8085-exec-2] INFO  c.s.keepnote.aspectj.LoggingAspect -
				************Reminder Aspect @After ************
2019-03-07 12:43:25 [http-nio-8085-exec-2] DEBUG c.s.keepnote.aspectj.LoggingAspect -
				Method Name : getAllReminders
2019-03-07 12:43:25 [http-nio-8085-exec-2] DEBUG c.s.keepnote.aspectj.LoggingAspect -
				Method Args : [null]
2019-03-07 12:43:25 [http-nio-8085-exec-2] INFO  c.s.keepnote.aspectj.LoggingAspect -
				*********************************
2019-03-07 12:43:25 [http-nio-8085-exec-2] INFO  c.s.keepnote.aspectj.LoggingAspect -
				************Reminder Aspect @AfterReturning ************
2019-03-07 12:43:25 [http-nio-8085-exec-2] DEBUG c.s.keepnote.aspectj.LoggingAspect -
				Method Name : getAllReminders
2019-03-07 12:43:25 [http-nio-8085-exec-2] DEBUG c.s.keepnote.aspectj.LoggingAspect -
				Method arguments : [null]
2019-03-07 12:43:25 [http-nio-8085-exec-2] DEBUG c.s.keepnote.aspectj.LoggingAspect -
				Return Value: <200 OK,[],{}>
2019-03-07 12:43:25 [http-nio-8085-exec-2] INFO  c.s.keepnote.aspectj.LoggingAspect -
				*****************************************
2019-03-07 12:44:37 [http-nio-8085-exec-4] INFO  c.s.keepnote.aspectj.LoggingAspect -
				************Reminder Aspect @Before ************
2019-03-07 12:44:37 [http-nio-8085-exec-4] DEBUG c.s.keepnote.aspectj.LoggingAspect -
				Method Name : getAllReminders
2019-03-07 12:44:37 [http-nio-8085-exec-4] DEBUG c.s.keepnote.aspectj.LoggingAspect -
				Method Args : [svnspradeepkumar@gmail.com]
2019-03-07 12:44:37 [http-nio-8085-exec-4] INFO  c.s.keepnote.aspectj.LoggingAspect -
				*********************************
2019-03-07 12:44:37 [http-nio-8085-exec-4] INFO  c.s.k.controller.ReminderController -
				getAllReminders : STARTED
2019-03-07 12:44:37 [http-nio-8085-exec-4] INFO  c.s.keepnote.aspectj.LoggingAspect -
				************Reminder Aspect @After ************
2019-03-07 12:44:37 [http-nio-8085-exec-4] DEBUG c.s.keepnote.aspectj.LoggingAspect -
				Method Name : getAllReminders
2019-03-07 12:44:37 [http-nio-8085-exec-4] DEBUG c.s.keepnote.aspectj.LoggingAspect -
				Method Args : [svnspradeepkumar@gmail.com]
2019-03-07 12:44:37 [http-nio-8085-exec-4] INFO  c.s.keepnote.aspectj.LoggingAspect -
				*********************************
2019-03-07 12:44:37 [http-nio-8085-exec-4] INFO  c.s.keepnote.aspectj.LoggingAspect -
				************Reminder Aspect @AfterReturning ************
2019-03-07 12:44:37 [http-nio-8085-exec-4] DEBUG c.s.keepnote.aspectj.LoggingAspect -
				Method Name : getAllReminders
2019-03-07 12:44:37 [http-nio-8085-exec-4] DEBUG c.s.keepnote.aspectj.LoggingAspect -
				Method arguments : [svnspradeepkumar@gmail.com]
2019-03-07 12:44:37 [http-nio-8085-exec-4] DEBUG c.s.keepnote.aspectj.LoggingAspect -
				Return Value: <200 OK,[],{}>
2019-03-07 12:44:37 [http-nio-8085-exec-4] INFO  c.s.keepnote.aspectj.LoggingAspect -
				*****************************************
2019-03-07 12:45:52 [http-nio-8085-exec-7] INFO  c.s.keepnote.aspectj.LoggingAspect -
				************Reminder Aspect @Before ************
2019-03-07 12:45:52 [http-nio-8085-exec-7] DEBUG c.s.keepnote.aspectj.LoggingAspect -
				Method Name : createReminder
2019-03-07 12:45:52 [http-nio-8085-exec-7] DEBUG c.s.keepnote.aspectj.LoggingAspect -
				Method Args : [Reminder{reminderId='1528536.3467355205', reminderName='Hi', reminderDescription='Hello', reminderType='It's Urgent', reminderCreatedBy='svnspradeepkumar@gmail.com', reminderCreationDate=null}]
2019-03-07 12:45:52 [http-nio-8085-exec-7] INFO  c.s.keepnote.aspectj.LoggingAspect -
				*********************************
2019-03-07 12:45:52 [http-nio-8085-exec-7] INFO  c.s.k.controller.ReminderController -
				createReminder : STARTED
2019-03-07 12:45:53 [http-nio-8085-exec-7] INFO  c.s.keepnote.aspectj.LoggingAspect -
				************Reminder Aspect @After ************
2019-03-07 12:45:53 [http-nio-8085-exec-7] DEBUG c.s.keepnote.aspectj.LoggingAspect -
				Method Name : createReminder
2019-03-07 12:45:53 [http-nio-8085-exec-7] DEBUG c.s.keepnote.aspectj.LoggingAspect -
				Method Args : [Reminder{reminderId='1528536.3467355205', reminderName='Hi', reminderDescription='Hello', reminderType='It's Urgent', reminderCreatedBy='svnspradeepkumar@gmail.com', reminderCreationDate=Thu Mar 07 12:45:52 IST 2019}]
2019-03-07 12:45:53 [http-nio-8085-exec-7] INFO  c.s.keepnote.aspectj.LoggingAspect -
				*********************************
2019-03-07 12:45:53 [http-nio-8085-exec-7] INFO  c.s.keepnote.aspectj.LoggingAspect -
				************Reminder Aspect @AfterReturning ************
2019-03-07 12:45:53 [http-nio-8085-exec-7] DEBUG c.s.keepnote.aspectj.LoggingAspect -
				Method Name : createReminder
2019-03-07 12:45:53 [http-nio-8085-exec-7] DEBUG c.s.keepnote.aspectj.LoggingAspect -
				Method arguments : [Reminder{reminderId='1528536.3467355205', reminderName='Hi', reminderDescription='Hello', reminderType='It's Urgent', reminderCreatedBy='svnspradeepkumar@gmail.com', reminderCreationDate=Thu Mar 07 12:45:52 IST 2019}]
2019-03-07 12:45:53 [http-nio-8085-exec-7] DEBUG c.s.keepnote.aspectj.LoggingAspect -
				Return Value: <201 Created,Reminder{reminderId='1528536.3467355205', reminderName='Hi', reminderDescription='Hello', reminderType='It's Urgent', reminderCreatedBy='svnspradeepkumar@gmail.com', reminderCreationDate=Thu Mar 07 12:45:52 IST 2019},{}>
2019-03-07 12:45:53 [http-nio-8085-exec-7] INFO  c.s.keepnote.aspectj.LoggingAspect -
				*****************************************
2019-03-07 12:49:22 [http-nio-8085-exec-10] INFO  c.s.keepnote.aspectj.LoggingAspect -
				************Reminder Aspect @Before ************
2019-03-07 12:49:22 [http-nio-8085-exec-10] DEBUG c.s.keepnote.aspectj.LoggingAspect -
				Method Name : getAllReminders
2019-03-07 12:49:22 [http-nio-8085-exec-10] DEBUG c.s.keepnote.aspectj.LoggingAspect -
				Method Args : [svnspradeep@gmail.com]
2019-03-07 12:49:22 [http-nio-8085-exec-10] INFO  c.s.keepnote.aspectj.LoggingAspect -
				*********************************
2019-03-07 12:49:22 [http-nio-8085-exec-10] INFO  c.s.k.controller.ReminderController -
				getAllReminders : STARTED
2019-03-07 12:49:23 [http-nio-8085-exec-10] INFO  c.s.keepnote.aspectj.LoggingAspect -
				************Reminder Aspect @After ************
2019-03-07 12:49:23 [http-nio-8085-exec-10] DEBUG c.s.keepnote.aspectj.LoggingAspect -
				Method Name : getAllReminders
2019-03-07 12:49:23 [http-nio-8085-exec-10] DEBUG c.s.keepnote.aspectj.LoggingAspect -
				Method Args : [svnspradeep@gmail.com]
2019-03-07 12:49:23 [http-nio-8085-exec-10] INFO  c.s.keepnote.aspectj.LoggingAspect -
				*********************************
2019-03-07 12:49:23 [http-nio-8085-exec-10] INFO  c.s.keepnote.aspectj.LoggingAspect -
				************Reminder Aspect @AfterReturning ************
2019-03-07 12:49:23 [http-nio-8085-exec-10] DEBUG c.s.keepnote.aspectj.LoggingAspect -
				Method Name : getAllReminders
2019-03-07 12:49:23 [http-nio-8085-exec-10] DEBUG c.s.keepnote.aspectj.LoggingAspect -
				Method arguments : [svnspradeep@gmail.com]
2019-03-07 12:49:23 [http-nio-8085-exec-10] DEBUG c.s.keepnote.aspectj.LoggingAspect -
				Return Value: <200 OK,[],{}>
2019-03-07 12:49:23 [http-nio-8085-exec-10] INFO  c.s.keepnote.aspectj.LoggingAspect -
				*****************************************
2019-03-07 12:50:50 [http-nio-8085-exec-1] INFO  c.s.keepnote.aspectj.LoggingAspect -
				************Reminder Aspect @Before ************
2019-03-07 12:50:50 [http-nio-8085-exec-1] DEBUG c.s.keepnote.aspectj.LoggingAspect -
				Method Name : createReminder
2019-03-07 12:50:50 [http-nio-8085-exec-1] DEBUG c.s.keepnote.aspectj.LoggingAspect -
				Method Args : [Reminder{reminderId='1537351.993650552', reminderName='Hey', reminderDescription='Today Flipkart Sale is going on..', reminderType='Be Hurry', reminderCreatedBy='svnspradeep@gmail.com', reminderCreationDate=null}]
2019-03-07 12:50:50 [http-nio-8085-exec-1] INFO  c.s.keepnote.aspectj.LoggingAspect -
				*********************************
2019-03-07 12:50:50 [http-nio-8085-exec-1] INFO  c.s.k.controller.ReminderController -
				createReminder : STARTED
2019-03-07 12:50:50 [http-nio-8085-exec-1] INFO  c.s.keepnote.aspectj.LoggingAspect -
				************Reminder Aspect @After ************
2019-03-07 12:50:50 [http-nio-8085-exec-1] DEBUG c.s.keepnote.aspectj.LoggingAspect -
				Method Name : createReminder
2019-03-07 12:50:50 [http-nio-8085-exec-1] DEBUG c.s.keepnote.aspectj.LoggingAspect -
				Method Args : [Reminder{reminderId='1537351.993650552', reminderName='Hey', reminderDescription='Today Flipkart Sale is going on..', reminderType='Be Hurry', reminderCreatedBy='svnspradeep@gmail.com', reminderCreationDate=Thu Mar 07 12:50:50 IST 2019}]
2019-03-07 12:50:50 [http-nio-8085-exec-1] INFO  c.s.keepnote.aspectj.LoggingAspect -
				*********************************
2019-03-07 12:50:50 [http-nio-8085-exec-1] INFO  c.s.keepnote.aspectj.LoggingAspect -
				************Reminder Aspect @AfterReturning ************
2019-03-07 12:50:50 [http-nio-8085-exec-1] DEBUG c.s.keepnote.aspectj.LoggingAspect -
				Method Name : createReminder
2019-03-07 12:50:50 [http-nio-8085-exec-1] DEBUG c.s.keepnote.aspectj.LoggingAspect -
				Method arguments : [Reminder{reminderId='1537351.993650552', reminderName='Hey', reminderDescription='Today Flipkart Sale is going on..', reminderType='Be Hurry', reminderCreatedBy='svnspradeep@gmail.com', reminderCreationDate=Thu Mar 07 12:50:50 IST 2019}]
2019-03-07 12:50:50 [http-nio-8085-exec-1] DEBUG c.s.keepnote.aspectj.LoggingAspect -
				Return Value: <201 Created,Reminder{reminderId='1537351.993650552', reminderName='Hey', reminderDescription='Today Flipkart Sale is going on..', reminderType='Be Hurry', reminderCreatedBy='svnspradeep@gmail.com', reminderCreationDate=Thu Mar 07 12:50:50 IST 2019},{}>
2019-03-07 12:50:50 [http-nio-8085-exec-1] INFO  c.s.keepnote.aspectj.LoggingAspect -
				*****************************************
